
**** Build of configuration Debug for project Project 8 cc ****

/Applications/ti/ccs1240/ccs/utils/bin/gmake -k -j 11 all -O 
 
Building file: "../timers.c"
Invoking: MSP430 Compiler
"/Applications/ti/ccs1240/ccs/tools/compiler/ti-cgt-msp430_21.6.1.LTS/bin/cl430" -vmspx --use_hw_mpy=F5 --include_path="/Applications/ti/ccs1240/ccs/ccs_base/msp430/include" --include_path="/Users/tylerwilliams/workspace_v12/Project8/Project 8 cc" --include_path="/Applications/ti/ccs1240/ccs/tools/compiler/ti-cgt-msp430_21.6.1.LTS/include" --advice:power=all --advice:hw_config=all --define=__MSP430FR2355__ --define=_FRWP_ENABLE --define=_INFO_FRWP_ENABLE -g --printf_support=minimal --diag_warning=225 --diag_wrap=off --display_error_number --silicon_errata=CPU21 --silicon_errata=CPU22 --silicon_errata=CPU40 --preproc_with_compile --preproc_dependency="timers.d_raw"  "../timers.c"
"../Compiled/macros.h", line 19: warning #48-D: incompatible redefinition of macro "FALSE" (declared at line 1 of "../Compiled/ports.h")
"../timers.c", line 274: remark #1538-D: (ULP 10.1) ISR switch1_interrupt calls function strcpy. Recommend moving function call away from ISR, or inlining the function, or using pragmas
"../timers.c", line 282: remark #1538-D: (ULP 10.1) ISR switch1_interrupt calls function strcpy. Recommend moving function call away from ISR, or inlining the function, or using pragmas
"../timers.c", line 308: remark #1538-D: (ULP 10.1) ISR switch2_interrupt calls function USCI_A1_transmit. Recommend moving function call away from ISR, or inlining the function, or using pragmas
"../timers.c", line 309: remark #1538-D: (ULP 10.1) ISR switch2_interrupt calls function strcpy. Recommend moving function call away from ISR, or inlining the function, or using pragmas
"../timers.c", line 310: remark #1544-D: (ULP 13.1) Detected loop counting up. Recommend loops count down as detecting zeros is easier
"../timers.c", line 319: remark #1538-D: (ULP 10.1) ISR switch2_interrupt calls function strcpy. Recommend moving function call away from ISR, or inlining the function, or using pragmas
"../timers.c", line 390: remark #1538-D: (ULP 10.1) ISR ADC_ISR calls function HEXtoBCD. Recommend moving function call away from ISR, or inlining the function, or using pragmas
"../timers.c", line 391: remark #1538-D: (ULP 10.1) ISR ADC_ISR calls function adc_line. Recommend moving function call away from ISR, or inlining the function, or using pragmas
"../timers.c", line 398: remark #1538-D: (ULP 10.1) ISR ADC_ISR calls function HEXtoBCD. Recommend moving function call away from ISR, or inlining the function, or using pragmas
"../timers.c", line 399: remark #1538-D: (ULP 10.1) ISR ADC_ISR calls function adc_line. Recommend moving function call away from ISR, or inlining the function, or using pragmas
"../timers.c", line 406: remark #1538-D: (ULP 10.1) ISR ADC_ISR calls function HEXtoBCD. Recommend moving function call away from ISR, or inlining the function, or using pragmas
"../timers.c", line 407: remark #1538-D: (ULP 10.1) ISR ADC_ISR calls function adc_line. Recommend moving function call away from ISR, or inlining the function, or using pragmas
"../timers.c", line 466: remark #1538-D: (ULP 10.1) ISR eUSCI_A1_ISR calls function strcpy. Recommend moving function call away from ISR, or inlining the function, or using pragmas
"../timers.c", line 581: remark #1544-D: (ULP 13.1) Detected loop counting up. Recommend loops count down as detecting zeros is easier
"../timers.c", line 582: remark #2553-D: (ULP 14.1) Array index (involving "i") of type "int". Recommend using "unsigned int"
"../timers.c", line 617: warning #552-D: variable "real_line" was set but never used
"../timers.c", line 619: remark #1544-D: (ULP 13.1) Detected loop counting up. Recommend loops count down as detecting zeros is easier
"../timers.c", line 619: remark #1527-D: (ULP 2.1) Detected SW delay loop using empty loop. Recommend using a timer module instead
"../timers.c", line 37: remark #1535-D: (ULP 8.1) variable "configure_wheels_flag" is used as a constant. Recommend declaring variable as either 'static const' or 'const'
"../timers.c", line 51: remark #1535-D: (ULP 8.1) variable "two_rotations" is used as a constant. Recommend declaring variable as either 'static const' or 'const'
"../timers.c", line 54: remark #1535-D: (ULP 8.1) variable "turn_time" is used as a constant. Recommend declaring variable as either 'static const' or 'const'
"../timers.c", line 57: remark #1535-D: (ULP 8.1) variable "enter_time" is used as a constant. Recommend declaring variable as either 'static const' or 'const'
Finished building: "../timers.c"
 
Building target: "Project 8 cc.out"
Invoking: MSP430 Linker
"/Applications/ti/ccs1240/ccs/tools/compiler/ti-cgt-msp430_21.6.1.LTS/bin/cl430" -vmspx --use_hw_mpy=F5 --advice:power=all --advice:hw_config=all --define=__MSP430FR2355__ --define=_FRWP_ENABLE --define=_INFO_FRWP_ENABLE -g --printf_support=minimal --diag_warning=225 --diag_wrap=off --display_error_number --silicon_errata=CPU21 --silicon_errata=CPU22 --silicon_errata=CPU40 -z -m"Project 8 cc.map" --heap_size=160 --stack_size=160 --cinit_hold_wdt=on -i"/Applications/ti/ccs1240/ccs/ccs_base/msp430/include" -i"/Applications/ti/ccs1240/ccs/ccs_base/msp430/lib/FR2xx" -i"/Applications/ti/ccs1240/ccs/tools/compiler/ti-cgt-msp430_21.6.1.LTS/lib" -i"/Applications/ti/ccs1240/ccs/tools/compiler/ti-cgt-msp430_21.6.1.LTS/include" --priority --reread_libs --define=_FRWP_ENABLE --define=_INFO_FRWP_ENABLE --diag_wrap=off --display_error_number --warn_sections --xml_link_info="Project 8 cc_linkInfo.xml" --use_hw_mpy=F5 --rom_model -o "Project 8 cc.out" "./clocks.obj" "./init.obj" "./led.obj" "./main.obj" "./ports.obj" "./timers.obj" "./wheels.obj" "../Compiled/LCD.obj" "../lnk_msp430fr2355.cmd"  -lfrwp_init.a -llibc.a 
<Linking>
remark #10372-D: (ULP 4.1) Detected uninitialized Port A in this project. Recommend initializing all unused ports to eliminate wasted current consumption on unused pins.
remark #10372-D: (ULP 4.1) Detected uninitialized Port B in this project. Recommend initializing all unused ports to eliminate wasted current consumption on unused pins.
remark #10372-D: (ULP 4.1) Detected uninitialized Port C in this project. Recommend initializing all unused ports to eliminate wasted current consumption on unused pins.
remark #10422-D: (ULP 6.2) Detected use of a device with available 32-bit hardware multiplier and not also using MSPMATHLIB library (libmath.a).  Recommend using MSPMATHLIB library (libmath.a) for improved performance.
Finished building target: "Project 8 cc.out"
 

**** Build Finished ****
