
**** Build of configuration Debug for project Project05 ****

/Applications/ti/ccs1240/ccs/utils/bin/gmake -k -j 11 all -O 
 
Building file: "../system.c"
Invoking: MSP430 Compiler
"/Applications/ti/ccs1240/ccs/tools/compiler/ti-cgt-msp430_21.6.1.LTS/bin/cl430" -vmspx --use_hw_mpy=F5 --include_path="/Applications/ti/ccs1240/ccs/ccs_base/msp430/include" --include_path="/Users/tylerwilliams/workspace_v12/Project05" --include_path="/Applications/ti/ccs1240/ccs/tools/compiler/ti-cgt-msp430_21.6.1.LTS/include" --advice:power=all --advice:hw_config=all --define=__MSP430FR2355__ --define=_FRWP_ENABLE --define=_INFO_FRWP_ENABLE -g --printf_support=minimal --diag_warning=225 --diag_wrap=off --display_error_number --silicon_errata=CPU21 --silicon_errata=CPU22 --silicon_errata=CPU40 --preproc_with_compile --preproc_dependency="system.d_raw"  "../system.c"
"../LCD.h", line 46: warning #48-D: incompatible redefinition of macro "NULL" (declared at line 60 of "/Applications/ti/ccs1240/ccs/tools/compiler/ti-cgt-msp430_21.6.1.LTS/include/string.h")
"../macros.h", line 25: warning #48-D: incompatible redefinition of macro "BLINK_ON" (declared at line 59 of "../LCD.h")
"../macros.h", line 26: warning #48-D: incompatible redefinition of macro "BLINK_OFF" (declared at line 60 of "../LCD.h")
"../system.c", line 107: remark #1538-D: (ULP 10.1) ISR switch1_interrupt calls function strcpy. Recommend moving function call away from ISR, or inlining the function, or using pragmas
"../system.c", line 125: remark #1538-D: (ULP 10.1) ISR switch2_interrupt calls function strcpy. Recommend moving function call away from ISR, or inlining the function, or using pragmas
Finished building: "../system.c"
 
Building target: "Project05.out"
Invoking: MSP430 Linker
"/Applications/ti/ccs1240/ccs/tools/compiler/ti-cgt-msp430_21.6.1.LTS/bin/cl430" -vmspx --use_hw_mpy=F5 --advice:power=all --advice:hw_config=all --define=__MSP430FR2355__ --define=_FRWP_ENABLE --define=_INFO_FRWP_ENABLE -g --printf_support=minimal --diag_warning=225 --diag_wrap=off --display_error_number --silicon_errata=CPU21 --silicon_errata=CPU22 --silicon_errata=CPU40 -z -m"Project05.map" --heap_size=160 --stack_size=160 --cinit_hold_wdt=on -i"/Applications/ti/ccs1240/ccs/ccs_base/msp430/include" -i"/Applications/ti/ccs1240/ccs/ccs_base/msp430/lib/FR2xx" -i"/Applications/ti/ccs1240/ccs/tools/compiler/ti-cgt-msp430_21.6.1.LTS/lib" -i"/Applications/ti/ccs1240/ccs/tools/compiler/ti-cgt-msp430_21.6.1.LTS/include" --priority --reread_libs --define=_FRWP_ENABLE --define=_INFO_FRWP_ENABLE --diag_wrap=off --display_error_number --warn_sections --xml_link_info="Project05_linkInfo.xml" --use_hw_mpy=F5 --rom_model -o "Project05.out" "./clocks.obj" "./init.obj" "./led.obj" "./main.obj" "./ports.obj" "./switches.obj" "./system.obj" "./wheels.obj" "../Compiled/LCD.obj" "../lnk_msp430fr2355.cmd"  -lfrwp_init.a -llibc.a 
<Linking>
remark #10372-D: (ULP 4.1) Detected uninitialized Port A in this project. Recommend initializing all unused ports to eliminate wasted current consumption on unused pins.
remark #10372-D: (ULP 4.1) Detected uninitialized Port B in this project. Recommend initializing all unused ports to eliminate wasted current consumption on unused pins.
remark #10372-D: (ULP 4.1) Detected uninitialized Port C in this project. Recommend initializing all unused ports to eliminate wasted current consumption on unused pins.
remark #10422-D: (ULP 6.2) Detected use of a device with available 32-bit hardware multiplier and not also using MSPMATHLIB library (libmath.a).  Recommend using MSPMATHLIB library (libmath.a) for improved performance.
Finished building target: "Project05.out"
 

**** Build Finished ****
